# JRE version: OpenJDK Runtime Environment Temurin-21.0.10+7 (21.0.10+7) (build 21.0.10+7-LTS)
# Java VM: OpenJDK 64-Bit Server VM Temurin-21.0.10+7 (21.0.10+7-LTS, mixed mode, sharing, tiered, compressed oops, compressed class ptrs, parallel gc, windows-amd64)
GC Precious Log:
 CardTable entry size: 512
 CPUs: 8 total, 8 available
 Memory: 5996M
 Large Page Support: Disabled
 NUMA Support: Disabled
 Compressed Oops: Enabled (32-bit)
 Alignments: Space 512K, Generation 512K, Heap 2M
 Heap Min Capacity: 100M
 Heap Initial Capacity: 100M
 Heap Max Capacity: 2G
 Pre-touch: Disabled
 Parallel Workers: 8
Heap:
 PSYoungGen      total 7168K, used 1053K [0x00000000d5580000, 0x00000000d6000000, 0x0000000100000000)
  eden space 6656K, 12% used [0x00000000d5580000,0x00000000d564f6d0,0x00000000d5c00000)
  from space 512K, 43% used [0x00000000d5f80000,0x00000000d5fb8000,0x00000000d6000000)
  to   space 1024K, 0% used [0x00000000d5e00000,0x00000000d5e00000,0x00000000d5f00000)
 ParOldGen       total 1065984K, used 1065597K [0x0000000080000000, 0x00000000c1100000, 0x00000000d5580000)
  object space 1065984K, 99% used [0x0000000080000000,0x00000000c109f6c8,0x00000000c1100000)
 Metaspace       used 89175K, committed 90880K, reserved 1179648K
  class space    used 8948K, committed 9728K, reserved 1048576K
GC Heap History (20 events):
Event: 18917.227 GC heap before
{Heap before GC invocations=1280 (full 5):
 PSYoungGen      total 7168K, used 7033K [0x00000000d5580000, 0x00000000d6080000, 0x0000000100000000)
  eden space 6656K, 99% used [0x00000000d5580000,0x00000000d5bfe5a0,0x00000000d5c00000)
  from space 512K, 75% used [0x00000000d6000000,0x00000000d6060020,0x00000000d6080000)
  to   space 2048K, 0% used [0x00000000d5c80000,0x00000000d5c80000,0x00000000d5e80000)
 ParOldGen       total 1059840K, used 1059676K [0x0000000080000000, 0x00000000c0b00000, 0x00000000d5580000)
  object space 1059840K, 99% used [0x0000000080000000,0x00000000c0ad7268,0x00000000c0b00000)
 Metaspace       used 89127K, committed 90816K, reserved 1179648K
  class space    used 8948K, committed 9728K, reserved 1048576K
}
Event: 18917.728 GC heap after
{Heap after GC invocations=1280 (full 5):
 PSYoungGen      total 8704K, used 352K [0x00000000d5580000, 0x00000000d6080000, 0x0000000100000000)
  eden space 6656K, 0% used [0x00000000d5580000,0x00000000d5580000,0x00000000d5c00000)
  from space 2048K, 17% used [0x00000000d5c80000,0x00000000d5cd8000,0x00000000d5e80000)
  to   space 1024K, 0% used [0x00000000d5f80000,0x00000000d5f80000,0x00000000d6080000)
 ParOldGen       total 1059840K, used 1059780K [0x0000000080000000, 0x00000000c0b00000, 0x00000000d5580000)
  object space 1059840K, 99% used [0x0000000080000000,0x00000000c0af1288,0x00000000c0b00000)
 Metaspace       used 89127K, committed 90816K, reserved 1179648K
  class space    used 8948K, committed 9728K, reserved 1048576K
}
Event: 18952.330 GC heap before
{Heap before GC invocations=1281 (full 5):
 PSYoungGen      total 8704K, used 7008K [0x00000000d5580000, 0x00000000d6080000, 0x0000000100000000)
  eden space 6656K, 100% used [0x00000000d5580000,0x00000000d5c00000,0x00000000d5c00000)
  from space 2048K, 17% used [0x00000000d5c80000,0x00000000d5cd8000,0x00000000d5e80000)
  to   space 1024K, 0% used [0x00000000d5f80000,0x00000000d5f80000,0x00000000d6080000)
 ParOldGen       total 1059840K, used 1059780K [0x0000000080000000, 0x00000000c0b00000, 0x00000000d5580000)
  object space 1059840K, 99% used [0x0000000080000000,0x00000000c0af1288,0x00000000c0b00000)
 Metaspace       used 89144K, committed 90816K, reserved 1179648K
  class space    used 8948K, committed 9728K, reserved 1048576K
}
Event: 18952.758 GC heap after
{Heap after GC invocations=1281 (full 5):
 PSYoungGen      total 7168K, used 224K [0x00000000d5580000, 0x00000000d6000000, 0x0000000100000000)
  eden space 6656K, 0% used [0x00000000d5580000,0x00000000d5580000,0x00000000d5c00000)
  from space 512K, 43% used [0x00000000d5f80000,0x00000000d5fb8000,0x00000000d6000000)
  to   space 512K, 0% used [0x00000000d5f00000,0x00000000d5f00000,0x00000000d5f80000)
 ParOldGen       total 1059840K, used 1059836K [0x0000000080000000, 0x00000000c0b00000, 0x00000000d5580000)
  object space 1059840K, 99% used [0x0000000080000000,0x00000000c0aff288,0x00000000c0b00000)
 Metaspace       used 89144K, committed 90816K, reserved 1179648K
  class space    used 8948K, committed 9728K, reserved 1048576K
}
Event: 19202.103 GC heap before
{Heap before GC invocations=1282 (full 5):
 PSYoungGen      total 7168K, used 6880K [0x00000000d5580000, 0x00000000d6000000, 0x0000000100000000)
  eden space 6656K, 100% used [0x00000000d5580000,0x00000000d5c00000,0x00000000d5c00000)
  from space 512K, 43% used [0x00000000d5f80000,0x00000000d5fb8000,0x00000000d6000000)
  to   space 512K, 0% used [0x00000000d5f00000,0x00000000d5f00000,0x00000000d5f80000)
 ParOldGen       total 1059840K, used 1059836K [0x0000000080000000, 0x00000000c0b00000, 0x00000000d5580000)
  object space 1059840K, 99% used [0x0000000080000000,0x00000000c0aff288,0x00000000c0b00000)
 Metaspace       used 89165K, committed 90816K, reserved 1179648K
  class space    used 8948K, committed 9728K, reserved 1048576K
}
Event: 19202.756 GC heap after
{Heap after GC invocations=1282 (full 5):
 PSYoungGen      total 7168K, used 346K [0x00000000d5580000, 0x00000000d6000000, 0x0000000100000000)
  eden space 6656K, 0% used [0x00000000d5580000,0x00000000d5580000,0x00000000d5c00000)
  from space 512K, 67% used [0x00000000d5f00000,0x00000000d5f56920,0x00000000d5f80000)
  to   space 512K, 0% used [0x00000000d5f80000,0x00000000d5f80000,0x00000000d6000000)
 ParOldGen       total 1060352K, used 1059876K [0x0000000080000000, 0x00000000c0b80000, 0x00000000d5580000)
  object space 1060352K, 99% used [0x0000000080000000,0x00000000c0b09288,0x00000000c0b80000)
 Metaspace       used 89165K, committed 90816K, reserved 1179648K
  class space    used 8948K, committed 9728K, reserved 1048576K
}
Event: 20405.496 GC heap before
{Heap before GC invocations=1283 (full 5):
 PSYoungGen      total 7168K, used 7002K [0x00000000d5580000, 0x00000000d6000000, 0x0000000100000000)
  eden space 6656K, 100% used [0x00000000d5580000,0x00000000d5c00000,0x00000000d5c00000)
  from space 512K, 67% used [0x00000000d5f00000,0x00000000d5f56920,0x00000000d5f80000)
  to   space 512K, 0% used [0x00000000d5f80000,0x00000000d5f80000,0x00000000d6000000)
 ParOldGen       total 1060352K, used 1059876K [0x0000000080000000, 0x00000000c0b80000, 0x00000000d5580000)
  object space 1060352K, 99% used [0x0000000080000000,0x00000000c0b09288,0x00000000c0b80000)
 Metaspace       used 89165K, committed 90816K, reserved 1179648K
  class space    used 8948K, committed 9728K, reserved 1048576K
}
Event: 20405.911 GC heap after
{Heap after GC invocations=1283 (full 5):
 PSYoungGen      total 7168K, used 500K [0x00000000d5580000, 0x00000000d6000000, 0x0000000100000000)
  eden space 6656K, 0% used [0x00000000d5580000,0x00000000d5580000,0x00000000d5c00000)
  from space 512K, 97% used [0x00000000d5f80000,0x00000000d5ffd220,0x00000000d6000000)
  to   space 1024K, 0% used [0x00000000d5e00000,0x00000000d5e00000,0x00000000d5f00000)
 ParOldGen       total 1060352K, used 1060020K [0x0000000080000000, 0x00000000c0b80000, 0x00000000d5580000)
  object space 1060352K, 99% used [0x0000000080000000,0x00000000c0b2d288,0x00000000c0b80000)
 Metaspace       used 89165K, committed 90816K, reserved 1179648K
  class space    used 8948K, committed 9728K, reserved 1048576K
}
Event: 20406.181 GC heap before
{Heap before GC invocations=1284 (full 5):
 PSYoungGen      total 7168K, used 7156K [0x00000000d5580000, 0x00000000d6000000, 0x0000000100000000)
  eden space 6656K, 100% used [0x00000000d5580000,0x00000000d5c00000,0x00000000d5c00000)
  from space 512K, 97% used [0x00000000d5f80000,0x00000000d5ffd220,0x00000000d6000000)
  to   space 1024K, 0% used [0x00000000d5e00000,0x00000000d5e00000,0x00000000d5f00000)
 ParOldGen       total 1060352K, used 1060020K [0x0000000080000000, 0x00000000c0b80000, 0x00000000d5580000)
  object space 1060352K, 99% used [0x0000000080000000,0x00000000c0b2d288,0x00000000c0b80000)
 Metaspace       used 89166K, committed 90816K, reserved 1179648K
  class space    used 8948K, committed 9728K, reserved 1048576K
}
Event: 20406.189 GC heap after
{Heap after GC invocations=1284 (full 5):
 PSYoungGen      total 7680K, used 1007K [0x00000000d5580000, 0x00000000d6500000, 0x0000000100000000)
  eden space 6656K, 0% used [0x00000000d5580000,0x00000000d5580000,0x00000000d5c00000)
  from space 1024K, 98% used [0x00000000d5e00000,0x00000000d5efbe40,0x00000000d5f00000)
  to   space 4608K, 0% used [0x00000000d6080000,0x00000000d6080000,0x00000000d6500000)
 ParOldGen       total 1062912K, used 1062865K [0x0000000080000000, 0x00000000c0e00000, 0x00000000d5580000)
  object space 1062912K, 99% used [0x0000000080000000,0x00000000c0df44a8,0x00000000c0e00000)
 Metaspace       used 89166K, committed 90816K, reserved 1179648K
  class space    used 8948K, committed 9728K, reserved 1048576K
}
Event: 20406.280 GC heap before
{Heap before GC invocations=1285 (full 5):
 PSYoungGen      total 7680K, used 7663K [0x00000000d5580000, 0x00000000d6500000, 0x0000000100000000)
  eden space 6656K, 100% used [0x00000000d5580000,0x00000000d5c00000,0x00000000d5c00000)
  from space 1024K, 98% used [0x00000000d5e00000,0x00000000d5efbe40,0x00000000d5f00000)
  to   space 4608K, 0% used [0x00000000d6080000,0x00000000d6080000,0x00000000d6500000)
 ParOldGen       total 1062912K, used 1062865K [0x0000000080000000, 0x00000000c0e00000, 0x00000000d5580000)
  object space 1062912K, 99% used [0x0000000080000000,0x00000000c0df44a8,0x00000000c0e00000)
 Metaspace       used 89166K, committed 90816K, reserved 1179648K
  class space    used 8948K, committed 9728K, reserved 1048576K
}
Event: 20406.283 GC heap after
{Heap after GC invocations=1285 (full 5):
 PSYoungGen      total 7680K, used 532K [0x00000000d5580000, 0x00000000d6180000, 0x0000000100000000)
  eden space 6656K, 0% used [0x00000000d5580000,0x00000000d5580000,0x00000000d5c00000)
  from space 1024K, 52% used [0x00000000d6080000,0x00000000d6105200,0x00000000d6180000)
  to   space 2048K, 0% used [0x00000000d5d80000,0x00000000d5d80000,0x00000000d5f80000)
 ParOldGen       total 1063424K, used 1063257K [0x0000000080000000, 0x00000000c0e80000, 0x00000000d5580000)
  object space 1063424K, 99% used [0x0000000080000000,0x00000000c0e564a8,0x00000000c0e80000)
 Metaspace       used 89166K, committed 90816K, reserved 1179648K
  class space    used 8948K, committed 9728K, reserved 1048576K
}
Event: 20406.310 GC heap before
{Heap before GC invocations=1286 (full 5):
 PSYoungGen      total 7680K, used 7188K [0x00000000d5580000, 0x00000000d6180000, 0x0000000100000000)
  eden space 6656K, 100% used [0x00000000d5580000,0x00000000d5c00000,0x00000000d5c00000)
  from space 1024K, 52% used [0x00000000d6080000,0x00000000d6105200,0x00000000d6180000)
  to   space 2048K, 0% used [0x00000000d5d80000,0x00000000d5d80000,0x00000000d5f80000)
 ParOldGen       total 1063424K, used 1063257K [0x0000000080000000, 0x00000000c0e80000, 0x00000000d5580000)
  object space 1063424K, 99% used [0x0000000080000000,0x00000000c0e564a8,0x00000000c0e80000)
 Metaspace       used 89166K, committed 90816K, reserved 1179648K
  class space    used 8948K, committed 9728K, reserved 1048576K
}
Event: 20406.317 GC heap after
{Heap after GC invocations=1286 (full 5):
 PSYoungGen      total 8704K, used 2031K [0x00000000d5580000, 0x00000000d6500000, 0x0000000100000000)
  eden space 6656K, 0% used [0x00000000d5580000,0x00000000d5580000,0x00000000d5c00000)
  from space 2048K, 99% used [0x00000000d5d80000,0x00000000d5f7be40,0x00000000d5f80000)
  to   space 4608K, 0% used [0x00000000d6080000,0x00000000d6080000,0x00000000d6500000)
 ParOldGen       total 1065472K, used 1065077K [0x0000000080000000, 0x00000000c1080000, 0x00000000d5580000)
  object space 1065472K, 99% used [0x0000000080000000,0x00000000c101d6a8,0x00000000c1080000)
 Metaspace       used 89166K, committed 90816K, reserved 1179648K
  class space    used 8948K, committed 9728K, reserved 1048576K
}
Event: 20495.069 GC heap before
{Heap before GC invocations=1287 (full 5):
 PSYoungGen      total 8704K, used 8687K [0x00000000d5580000, 0x00000000d6500000, 0x0000000100000000)
  eden space 6656K, 99% used [0x00000000d5580000,0x00000000d5bfffe8,0x00000000d5c00000)
  from space 2048K, 99% used [0x00000000d5d80000,0x00000000d5f7be40,0x00000000d5f80000)
  to   space 4608K, 0% used [0x00000000d6080000,0x00000000d6080000,0x00000000d6500000)
 ParOldGen       total 1065472K, used 1065077K [0x0000000080000000, 0x00000000c1080000, 0x00000000d5580000)
  object space 1065472K, 99% used [0x0000000080000000,0x00000000c101d6a8,0x00000000c1080000)
 Metaspace       used 89167K, committed 90880K, reserved 1179648K
  class space    used 8948K, committed 9728K, reserved 1048576K
}
Event: 20495.601 GC heap after
{Heap after GC invocations=1287 (full 5):
 PSYoungGen      total 7168K, used 288K [0x00000000d5580000, 0x00000000d6100000, 0x0000000100000000)
  eden space 6656K, 0% used [0x00000000d5580000,0x00000000d5580000,0x00000000d5c00000)
  from space 512K, 56% used [0x00000000d6080000,0x00000000d60c8020,0x00000000d6100000)
  to   space 2048K, 0% used [0x00000000d5d00000,0x00000000d5d00000,0x00000000d5f00000)
 ParOldGen       total 1065472K, used 1065445K [0x0000000080000000, 0x00000000c1080000, 0x00000000d5580000)
  object space 1065472K, 99% used [0x0000000080000000,0x00000000c10796a8,0x00000000c1080000)
 Metaspace       used 89167K, committed 90880K, reserved 1179648K
  class space    used 8948K, committed 9728K, reserved 1048576K
}
Event: 20496.766 GC heap before
{Heap before GC invocations=1288 (full 5):
 PSYoungGen      total 7168K, used 6944K [0x00000000d5580000, 0x00000000d6100000, 0x0000000100000000)
  eden space 6656K, 100% used [0x00000000d5580000,0x00000000d5c00000,0x00000000d5c00000)
  from space 512K, 56% used [0x00000000d6080000,0x00000000d60c8020,0x00000000d6100000)
  to   space 2048K, 0% used [0x00000000d5d00000,0x00000000d5d00000,0x00000000d5f00000)
 ParOldGen       total 1065472K, used 1065445K [0x0000000080000000, 0x00000000c1080000, 0x00000000d5580000)
  object space 1065472K, 99% used [0x0000000080000000,0x00000000c10796a8,0x00000000c1080000)
 Metaspace       used 89169K, committed 90880K, reserved 1179648K
  class space    used 8948K, committed 9728K, reserved 1048576K
}
Event: 20496.783 GC heap after
{Heap after GC invocations=1288 (full 5):
 PSYoungGen      total 8704K, used 1172K [0x00000000d5580000, 0x00000000d6100000, 0x0000000100000000)
  eden space 6656K, 0% used [0x00000000d5580000,0x00000000d5580000,0x00000000d5c00000)
  from space 2048K, 57% used [0x00000000d5d00000,0x00000000d5e25200,0x00000000d5f00000)
  to   space 1536K, 0% used [0x00000000d5f80000,0x00000000d5f80000,0x00000000d6100000)
 ParOldGen       total 1065984K, used 1065541K [0x0000000080000000, 0x00000000c1100000, 0x00000000d5580000)
  object space 1065984K, 99% used [0x0000000080000000,0x00000000c10916c8,0x00000000c1100000)
 Metaspace       used 89169K, committed 90880K, reserved 1179648K
  class space    used 8948K, committed 9728K, reserved 1048576K
}
Event: 20519.456 GC heap before
{Heap before GC invocations=1289 (full 5):
 PSYoungGen      total 8704K, used 7828K [0x00000000d5580000, 0x00000000d6100000, 0x0000000100000000)
  eden space 6656K, 100% used [0x00000000d5580000,0x00000000d5c00000,0x00000000d5c00000)
  from space 2048K, 57% used [0x00000000d5d00000,0x00000000d5e25200,0x00000000d5f00000)
  to   space 1536K, 0% used [0x00000000d5f80000,0x00000000d5f80000,0x00000000d6100000)
 ParOldGen       total 1065984K, used 1065541K [0x0000000080000000, 0x00000000c1100000, 0x00000000d5580000)
  object space 1065984K, 99% used [0x0000000080000000,0x00000000c10916c8,0x00000000c1100000)
 Metaspace       used 89175K, committed 90880K, reserved 1179648K
  class space    used 8948K, committed 9728K, reserved 1048576K
}
Event: 20520.314 GC heap after
{Heap after GC invocations=1289 (full 5):
 PSYoungGen      total 7168K, used 224K [0x00000000d5580000, 0x00000000d6000000, 0x0000000100000000)
  eden space 6656K, 0% used [0x00000000d5580000,0x00000000d5580000,0x00000000d5c00000)
  from space 512K, 43% used [0x00000000d5f80000,0x00000000d5fb8000,0x00000000d6000000)
  to   space 1024K, 0% used [0x00000000d5e00000,0x00000000d5e00000,0x00000000d5f00000)
 ParOldGen       total 1065984K, used 1065597K [0x0000000080000000, 0x00000000c1100000, 0x00000000d5580000)
  object space 1065984K, 99% used [0x0000000080000000,0x00000000c109f6c8,0x00000000c1100000)
 Metaspace       used 89175K, committed 90880K, reserved 1179648K
  class space    used 8948K, committed 9728K, reserved 1048576K
}

