# JRE version: OpenJDK Runtime Environment Temurin-21.0.10+7 (21.0.10+7) (build 21.0.10+7-LTS)
# Java VM: OpenJDK 64-Bit Server VM Temurin-21.0.10+7 (21.0.10+7-LTS, mixed mode, sharing, tiered, compressed oops, compressed class ptrs, parallel gc, windows-amd64)
GC Precious Log:
 CardTable entry size: 512
 CPUs: 8 total, 8 available
 Memory: 5996M
 Large Page Support: Disabled
 NUMA Support: Disabled
 Compressed Oops: Enabled (32-bit)
 Alignments: Space 512K, Generation 512K, Heap 2M
 Heap Min Capacity: 100M
 Heap Initial Capacity: 100M
 Heap Max Capacity: 2G
 Pre-touch: Disabled
 Parallel Workers: 8
Heap:
 PSYoungGen      total 7680K, used 6893K [0x00000000d5580000, 0x00000000d6a00000, 0x0000000100000000)
  eden space 7168K, 92% used [0x00000000d5580000,0x00000000d5bfb608,0x00000000d5c80000)
  from space 512K, 50% used [0x00000000d6980000,0x00000000d69c0000,0x00000000d6a00000)
  to   space 512K, 0% used [0x00000000d6900000,0x00000000d6900000,0x00000000d6980000)
 ParOldGen       total 270848K, used 267933K [0x0000000080000000, 0x0000000090880000, 0x00000000d5580000)
  object space 270848K, 98% used [0x0000000080000000,0x00000000905a7670,0x0000000090880000)
 Metaspace       used 78344K, committed 79872K, reserved 1179648K
  class space    used 8065K, committed 8768K, reserved 1048576K
GC Heap History (20 events):
Event: 25630.406 GC heap before
{Heap before GC invocations=357 (full 4):
 PSYoungGen      total 9728K, used 9472K [0x00000000d5580000, 0x00000000d6e00000, 0x0000000100000000)
  eden space 7168K, 100% used [0x00000000d5580000,0x00000000d5c80000,0x00000000d5c80000)
  from space 2560K, 90% used [0x00000000d6b80000,0x00000000d6dc0000,0x00000000d6e00000)
  to   space 6144K, 0% used [0x00000000d6200000,0x00000000d6200000,0x00000000d6800000)
 ParOldGen       total 270848K, used 263751K [0x0000000080000000, 0x0000000090880000, 0x00000000d5580000)
  object space 270848K, 97% used [0x0000000080000000,0x0000000090191f20,0x0000000090880000)
 Metaspace       used 78171K, committed 79680K, reserved 1179648K
  class space    used 8062K, committed 8768K, reserved 1048576K
}
Event: 25630.516 GC heap after
{Heap after GC invocations=357 (full 4):
 PSYoungGen      total 13312K, used 256K [0x00000000d5580000, 0x00000000d6c00000, 0x0000000100000000)
  eden space 7168K, 0% used [0x00000000d5580000,0x00000000d5580000,0x00000000d5c80000)
  from space 6144K, 4% used [0x00000000d6200000,0x00000000d6240000,0x00000000d6800000)
  to   space 2048K, 0% used [0x00000000d6a00000,0x00000000d6a00000,0x00000000d6c00000)
 ParOldGen       total 270848K, used 265799K [0x0000000080000000, 0x0000000090880000, 0x00000000d5580000)
  object space 270848K, 98% used [0x0000000080000000,0x0000000090391f20,0x0000000090880000)
 Metaspace       used 78171K, committed 79680K, reserved 1179648K
  class space    used 8062K, committed 8768K, reserved 1048576K
}
Event: 25660.979 GC heap before
{Heap before GC invocations=358 (full 4):
 PSYoungGen      total 13312K, used 7424K [0x00000000d5580000, 0x00000000d6c00000, 0x0000000100000000)
  eden space 7168K, 100% used [0x00000000d5580000,0x00000000d5c80000,0x00000000d5c80000)
  from space 6144K, 4% used [0x00000000d6200000,0x00000000d6240000,0x00000000d6800000)
  to   space 2048K, 0% used [0x00000000d6a00000,0x00000000d6a00000,0x00000000d6c00000)
 ParOldGen       total 270848K, used 265799K [0x0000000080000000, 0x0000000090880000, 0x00000000d5580000)
  object space 270848K, 98% used [0x0000000080000000,0x0000000090391f20,0x0000000090880000)
 Metaspace       used 78187K, committed 79744K, reserved 1179648K
  class space    used 8062K, committed 8768K, reserved 1048576K
}
Event: 25660.989 GC heap after
{Heap after GC invocations=358 (full 4):
 PSYoungGen      total 7680K, used 352K [0x00000000d5580000, 0x00000000d6a80000, 0x0000000100000000)
  eden space 7168K, 0% used [0x00000000d5580000,0x00000000d5580000,0x00000000d5c80000)
  from space 512K, 68% used [0x00000000d6a00000,0x00000000d6a58000,0x00000000d6a80000)
  to   space 1024K, 0% used [0x00000000d6880000,0x00000000d6880000,0x00000000d6980000)
 ParOldGen       total 270848K, used 265871K [0x0000000080000000, 0x0000000090880000, 0x00000000d5580000)
  object space 270848K, 98% used [0x0000000080000000,0x00000000903a3f20,0x0000000090880000)
 Metaspace       used 78187K, committed 79744K, reserved 1179648K
  class space    used 8062K, committed 8768K, reserved 1048576K
}
Event: 25721.870 GC heap before
{Heap before GC invocations=359 (full 4):
 PSYoungGen      total 7680K, used 7520K [0x00000000d5580000, 0x00000000d6a80000, 0x0000000100000000)
  eden space 7168K, 100% used [0x00000000d5580000,0x00000000d5c80000,0x00000000d5c80000)
  from space 512K, 68% used [0x00000000d6a00000,0x00000000d6a58000,0x00000000d6a80000)
  to   space 1024K, 0% used [0x00000000d6880000,0x00000000d6880000,0x00000000d6980000)
 ParOldGen       total 270848K, used 265871K [0x0000000080000000, 0x0000000090880000, 0x00000000d5580000)
  object space 270848K, 98% used [0x0000000080000000,0x00000000903a3f20,0x0000000090880000)
 Metaspace       used 78241K, committed 79808K, reserved 1179648K
  class space    used 8062K, committed 8768K, reserved 1048576K
}
Event: 25721.876 GC heap after
{Heap after GC invocations=359 (full 4):
 PSYoungGen      total 8192K, used 352K [0x00000000d5580000, 0x00000000d6a80000, 0x0000000100000000)
  eden space 7168K, 0% used [0x00000000d5580000,0x00000000d5580000,0x00000000d5c80000)
  from space 1024K, 34% used [0x00000000d6880000,0x00000000d68d8000,0x00000000d6980000)
  to   space 512K, 0% used [0x00000000d6a00000,0x00000000d6a00000,0x00000000d6a80000)
 ParOldGen       total 270848K, used 265919K [0x0000000080000000, 0x0000000090880000, 0x00000000d5580000)
  object space 270848K, 98% used [0x0000000080000000,0x00000000903aff20,0x0000000090880000)
 Metaspace       used 78241K, committed 79808K, reserved 1179648K
  class space    used 8062K, committed 8768K, reserved 1048576K
}
Event: 25931.131 GC heap before
{Heap before GC invocations=360 (full 4):
 PSYoungGen      total 8192K, used 7492K [0x00000000d5580000, 0x00000000d6a80000, 0x0000000100000000)
  eden space 7168K, 99% used [0x00000000d5580000,0x00000000d5c79350,0x00000000d5c80000)
  from space 1024K, 34% used [0x00000000d6880000,0x00000000d68d8000,0x00000000d6980000)
  to   space 512K, 0% used [0x00000000d6a00000,0x00000000d6a00000,0x00000000d6a80000)
 ParOldGen       total 270848K, used 265919K [0x0000000080000000, 0x0000000090880000, 0x00000000d5580000)
  object space 270848K, 98% used [0x0000000080000000,0x00000000903aff20,0x0000000090880000)
 Metaspace       used 78251K, committed 79808K, reserved 1179648K
  class space    used 8062K, committed 8768K, reserved 1048576K
}
Event: 25931.229 GC heap after
{Heap after GC invocations=360 (full 4):
 PSYoungGen      total 7680K, used 320K [0x00000000d5580000, 0x00000000d6a80000, 0x0000000100000000)
  eden space 7168K, 0% used [0x00000000d5580000,0x00000000d5580000,0x00000000d5c80000)
  from space 512K, 62% used [0x00000000d6a00000,0x00000000d6a50010,0x00000000d6a80000)
  to   space 512K, 0% used [0x00000000d6980000,0x00000000d6980000,0x00000000d6a00000)
 ParOldGen       total 270848K, used 265951K [0x0000000080000000, 0x0000000090880000, 0x00000000d5580000)
  object space 270848K, 98% used [0x0000000080000000,0x00000000903b7f20,0x0000000090880000)
 Metaspace       used 78251K, committed 79808K, reserved 1179648K
  class space    used 8062K, committed 8768K, reserved 1048576K
}
Event: 25932.747 GC heap before
{Heap before GC invocations=361 (full 4):
 PSYoungGen      total 7680K, used 7488K [0x00000000d5580000, 0x00000000d6a80000, 0x0000000100000000)
  eden space 7168K, 100% used [0x00000000d5580000,0x00000000d5c80000,0x00000000d5c80000)
  from space 512K, 62% used [0x00000000d6a00000,0x00000000d6a50010,0x00000000d6a80000)
  to   space 512K, 0% used [0x00000000d6980000,0x00000000d6980000,0x00000000d6a00000)
 ParOldGen       total 270848K, used 265951K [0x0000000080000000, 0x0000000090880000, 0x00000000d5580000)
  object space 270848K, 98% used [0x0000000080000000,0x00000000903b7f20,0x0000000090880000)
 Metaspace       used 78252K, committed 79808K, reserved 1179648K
  class space    used 8062K, committed 8768K, reserved 1048576K
}
Event: 25932.763 GC heap after
{Heap after GC invocations=361 (full 4):
 PSYoungGen      total 7680K, used 489K [0x00000000d5580000, 0x00000000d6a80000, 0x0000000100000000)
  eden space 7168K, 0% used [0x00000000d5580000,0x00000000d5580000,0x00000000d5c80000)
  from space 512K, 95% used [0x00000000d6980000,0x00000000d69fa430,0x00000000d6a00000)
  to   space 512K, 0% used [0x00000000d6a00000,0x00000000d6a00000,0x00000000d6a80000)
 ParOldGen       total 270848K, used 266668K [0x0000000080000000, 0x0000000090880000, 0x00000000d5580000)
  object space 270848K, 98% used [0x0000000080000000,0x000000009046b1e0,0x0000000090880000)
 Metaspace       used 78252K, committed 79808K, reserved 1179648K
  class space    used 8062K, committed 8768K, reserved 1048576K
}
Event: 27321.564 GC heap before
{Heap before GC invocations=362 (full 4):
 PSYoungGen      total 7680K, used 7657K [0x00000000d5580000, 0x00000000d6a80000, 0x0000000100000000)
  eden space 7168K, 100% used [0x00000000d5580000,0x00000000d5c80000,0x00000000d5c80000)
  from space 512K, 95% used [0x00000000d6980000,0x00000000d69fa430,0x00000000d6a00000)
  to   space 512K, 0% used [0x00000000d6a00000,0x00000000d6a00000,0x00000000d6a80000)
 ParOldGen       total 270848K, used 266668K [0x0000000080000000, 0x0000000090880000, 0x00000000d5580000)
  object space 270848K, 98% used [0x0000000080000000,0x000000009046b1e0,0x0000000090880000)
 Metaspace       used 78272K, committed 79808K, reserved 1179648K
  class space    used 8064K, committed 8768K, reserved 1048576K
}
Event: 27321.691 GC heap after
{Heap after GC invocations=362 (full 4):
 PSYoungGen      total 7680K, used 512K [0x00000000d5580000, 0x00000000d6a80000, 0x0000000100000000)
  eden space 7168K, 0% used [0x00000000d5580000,0x00000000d5580000,0x00000000d5c80000)
  from space 512K, 100% used [0x00000000d6a00000,0x00000000d6a80000,0x00000000d6a80000)
  to   space 1536K, 0% used [0x00000000d6780000,0x00000000d6780000,0x00000000d6900000)
 ParOldGen       total 270848K, used 267329K [0x0000000080000000, 0x0000000090880000, 0x00000000d5580000)
  object space 270848K, 98% used [0x0000000080000000,0x0000000090510640,0x0000000090880000)
 Metaspace       used 78272K, committed 79808K, reserved 1179648K
  class space    used 8064K, committed 8768K, reserved 1048576K
}
Event: 27489.899 GC heap before
{Heap before GC invocations=363 (full 4):
 PSYoungGen      total 7680K, used 7680K [0x00000000d5580000, 0x00000000d6a80000, 0x0000000100000000)
  eden space 7168K, 100% used [0x00000000d5580000,0x00000000d5c80000,0x00000000d5c80000)
  from space 512K, 100% used [0x00000000d6a00000,0x00000000d6a80000,0x00000000d6a80000)
  to   space 1536K, 0% used [0x00000000d6780000,0x00000000d6780000,0x00000000d6900000)
 ParOldGen       total 270848K, used 267329K [0x0000000080000000, 0x0000000090880000, 0x00000000d5580000)
  object space 270848K, 98% used [0x0000000080000000,0x0000000090510640,0x0000000090880000)
 Metaspace       used 78286K, committed 79808K, reserved 1179648K
  class space    used 8064K, committed 8768K, reserved 1048576K
}
Event: 27490.046 GC heap after
{Heap after GC invocations=363 (full 4):
 PSYoungGen      total 8704K, used 320K [0x00000000d5580000, 0x00000000d6a80000, 0x0000000100000000)
  eden space 7168K, 0% used [0x00000000d5580000,0x00000000d5580000,0x00000000d5c80000)
  from space 1536K, 20% used [0x00000000d6780000,0x00000000d67d0000,0x00000000d6900000)
  to   space 1024K, 0% used [0x00000000d6980000,0x00000000d6980000,0x00000000d6a80000)
 ParOldGen       total 270848K, used 267773K [0x0000000080000000, 0x0000000090880000, 0x00000000d5580000)
  object space 270848K, 98% used [0x0000000080000000,0x000000009057f650,0x0000000090880000)
 Metaspace       used 78286K, committed 79808K, reserved 1179648K
  class space    used 8064K, committed 8768K, reserved 1048576K
}
Event: 27597.928 GC heap before
{Heap before GC invocations=364 (full 4):
 PSYoungGen      total 8704K, used 7488K [0x00000000d5580000, 0x00000000d6a80000, 0x0000000100000000)
  eden space 7168K, 100% used [0x00000000d5580000,0x00000000d5c80000,0x00000000d5c80000)
  from space 1536K, 20% used [0x00000000d6780000,0x00000000d67d0000,0x00000000d6900000)
  to   space 1024K, 0% used [0x00000000d6980000,0x00000000d6980000,0x00000000d6a80000)
 ParOldGen       total 270848K, used 267773K [0x0000000080000000, 0x0000000090880000, 0x00000000d5580000)
  object space 270848K, 98% used [0x0000000080000000,0x000000009057f650,0x0000000090880000)
 Metaspace       used 78300K, committed 79872K, reserved 1179648K
  class space    used 8064K, committed 8768K, reserved 1048576K
}
Event: 27598.042 GC heap after
{Heap after GC invocations=364 (full 4):
 PSYoungGen      total 7680K, used 320K [0x00000000d5580000, 0x00000000d6a00000, 0x0000000100000000)
  eden space 7168K, 0% used [0x00000000d5580000,0x00000000d5580000,0x00000000d5c80000)
  from space 512K, 62% used [0x00000000d6980000,0x00000000d69d0000,0x00000000d6a00000)
  to   space 512K, 0% used [0x00000000d6900000,0x00000000d6900000,0x00000000d6980000)
 ParOldGen       total 270848K, used 267805K [0x0000000080000000, 0x0000000090880000, 0x00000000d5580000)
  object space 270848K, 98% used [0x0000000080000000,0x0000000090587650,0x0000000090880000)
 Metaspace       used 78300K, committed 79872K, reserved 1179648K
  class space    used 8064K, committed 8768K, reserved 1048576K
}
Event: 29150.812 GC heap before
{Heap before GC invocations=365 (full 4):
 PSYoungGen      total 7680K, used 7488K [0x00000000d5580000, 0x00000000d6a00000, 0x0000000100000000)
  eden space 7168K, 100% used [0x00000000d5580000,0x00000000d5c80000,0x00000000d5c80000)
  from space 512K, 62% used [0x00000000d6980000,0x00000000d69d0000,0x00000000d6a00000)
  to   space 512K, 0% used [0x00000000d6900000,0x00000000d6900000,0x00000000d6980000)
 ParOldGen       total 270848K, used 267805K [0x0000000080000000, 0x0000000090880000, 0x00000000d5580000)
  object space 270848K, 98% used [0x0000000080000000,0x0000000090587650,0x0000000090880000)
 Metaspace       used 78320K, committed 79872K, reserved 1179648K
  class space    used 8064K, committed 8768K, reserved 1048576K
}
Event: 29151.149 GC heap after
{Heap after GC invocations=365 (full 4):
 PSYoungGen      total 7680K, used 416K [0x00000000d5580000, 0x00000000d6a00000, 0x0000000100000000)
  eden space 7168K, 0% used [0x00000000d5580000,0x00000000d5580000,0x00000000d5c80000)
  from space 512K, 81% used [0x00000000d6900000,0x00000000d6968020,0x00000000d6980000)
  to   space 512K, 0% used [0x00000000d6980000,0x00000000d6980000,0x00000000d6a00000)
 ParOldGen       total 270848K, used 267837K [0x0000000080000000, 0x0000000090880000, 0x00000000d5580000)
  object space 270848K, 98% used [0x0000000080000000,0x000000009058f650,0x0000000090880000)
 Metaspace       used 78320K, committed 79872K, reserved 1179648K
  class space    used 8064K, committed 8768K, reserved 1048576K
}
Event: 29451.950 GC heap before
{Heap before GC invocations=366 (full 4):
 PSYoungGen      total 7680K, used 7584K [0x00000000d5580000, 0x00000000d6a00000, 0x0000000100000000)
  eden space 7168K, 100% used [0x00000000d5580000,0x00000000d5c80000,0x00000000d5c80000)
  from space 512K, 81% used [0x00000000d6900000,0x00000000d6968020,0x00000000d6980000)
  to   space 512K, 0% used [0x00000000d6980000,0x00000000d6980000,0x00000000d6a00000)
 ParOldGen       total 270848K, used 267837K [0x0000000080000000, 0x0000000090880000, 0x00000000d5580000)
  object space 270848K, 98% used [0x0000000080000000,0x000000009058f650,0x0000000090880000)
 Metaspace       used 78329K, committed 79872K, reserved 1179648K
  class space    used 8064K, committed 8768K, reserved 1048576K
}
Event: 29452.398 GC heap after
{Heap after GC invocations=366 (full 4):
 PSYoungGen      total 7680K, used 256K [0x00000000d5580000, 0x00000000d6a00000, 0x0000000100000000)
  eden space 7168K, 0% used [0x00000000d5580000,0x00000000d5580000,0x00000000d5c80000)
  from space 512K, 50% used [0x00000000d6980000,0x00000000d69c0000,0x00000000d6a00000)
  to   space 512K, 0% used [0x00000000d6900000,0x00000000d6900000,0x00000000d6980000)
 ParOldGen       total 270848K, used 267933K [0x0000000080000000, 0x0000000090880000, 0x00000000d5580000)
  object space 270848K, 98% used [0x0000000080000000,0x00000000905a7670,0x0000000090880000)
 Metaspace       used 78329K, committed 79872K, reserved 1179648K
  class space    used 8064K, committed 8768K, reserved 1048576K
}

