# JRE version: OpenJDK Runtime Environment Temurin-21.0.10+7 (21.0.10+7) (build 21.0.10+7-LTS)
# Java VM: OpenJDK 64-Bit Server VM Temurin-21.0.10+7 (21.0.10+7-LTS, mixed mode, sharing, tiered, compressed oops, compressed class ptrs, parallel gc, windows-amd64)
GC Precious Log:
 CardTable entry size: 512
 CPUs: 8 total, 8 available
 Memory: 5996M
 Large Page Support: Disabled
 NUMA Support: Disabled
 Compressed Oops: Enabled (32-bit)
 Alignments: Space 512K, Generation 512K, Heap 2M
 Heap Min Capacity: 100M
 Heap Initial Capacity: 100M
 Heap Max Capacity: 2G
 Pre-touch: Disabled
 Parallel Workers: 8
Heap:
 PSYoungGen      total 5120K, used 1213K [0x00000000d5580000, 0x00000000d5c00000, 0x0000000100000000)
  eden space 4608K, 17% used [0x00000000d5580000,0x00000000d56476f0,0x00000000d5a00000)
  from space 512K, 81% used [0x00000000d5b80000,0x00000000d5be8000,0x00000000d5c00000)
  to   space 512K, 0% used [0x00000000d5b00000,0x00000000d5b00000,0x00000000d5b80000)
 ParOldGen       total 1180672K, used 1180403K [0x0000000080000000, 0x00000000c8100000, 0x00000000d5580000)
  object space 1180672K, 99% used [0x0000000080000000,0x00000000c80bcc30,0x00000000c8100000)
 Metaspace       used 92420K, committed 94208K, reserved 1179648K
  class space    used 9383K, committed 10176K, reserved 1048576K
GC Heap History (20 events):
Event: 27019.914 GC heap before
{Heap before GC invocations=2291 (full 5):
 PSYoungGen      total 4608K, used 4378K [0x00000000d5580000, 0x00000000d5e00000, 0x0000000100000000)
  eden space 2560K, 97% used [0x00000000d5580000,0x00000000d57ed048,0x00000000d5800000)
  from space 2048K, 92% used [0x00000000d5c00000,0x00000000d5dd98e8,0x00000000d5e00000)
  to   space 2560K, 0% used [0x00000000d5900000,0x00000000d5900000,0x00000000d5b80000)
 ParOldGen       total 1142272K, used 1142156K [0x0000000080000000, 0x00000000c5b80000, 0x00000000d5580000)
  object space 1142272K, 99% used [0x0000000080000000,0x00000000c5b63238,0x00000000c5b80000)
 Metaspace       used 92397K, committed 94144K, reserved 1179648K
  class space    used 9383K, committed 10176K, reserved 1048576K
}
Event: 27019.922 GC heap after
{Heap after GC invocations=2291 (full 5):
 PSYoungGen      total 5632K, used 2555K [0x00000000d5580000, 0x00000000d6180000, 0x0000000100000000)
  eden space 3072K, 0% used [0x00000000d5580000,0x00000000d5580000,0x00000000d5880000)
  from space 2560K, 99% used [0x00000000d5900000,0x00000000d5b7ef18,0x00000000d5b80000)
  to   space 4608K, 0% used [0x00000000d5d00000,0x00000000d5d00000,0x00000000d6180000)
 ParOldGen       total 1143808K, used 1143553K [0x0000000080000000, 0x00000000c5d00000, 0x00000000d5580000)
  object space 1143808K, 99% used [0x0000000080000000,0x00000000c5cc0568,0x00000000c5d00000)
 Metaspace       used 92397K, committed 94144K, reserved 1179648K
  class space    used 9383K, committed 10176K, reserved 1048576K
}
Event: 27020.359 GC heap before
{Heap before GC invocations=2292 (full 5):
 PSYoungGen      total 5632K, used 5612K [0x00000000d5580000, 0x00000000d6180000, 0x0000000100000000)
  eden space 3072K, 99% used [0x00000000d5580000,0x00000000d587c350,0x00000000d5880000)
  from space 2560K, 99% used [0x00000000d5900000,0x00000000d5b7ef18,0x00000000d5b80000)
  to   space 4608K, 0% used [0x00000000d5d00000,0x00000000d5d00000,0x00000000d6180000)
 ParOldGen       total 1143808K, used 1143553K [0x0000000080000000, 0x00000000c5d00000, 0x00000000d5580000)
  object space 1143808K, 99% used [0x0000000080000000,0x00000000c5cc0568,0x00000000c5d00000)
 Metaspace       used 92398K, committed 94144K, reserved 1179648K
  class space    used 9383K, committed 10176K, reserved 1048576K
}
Event: 27020.376 GC heap after
{Heap after GC invocations=2292 (full 5):
 PSYoungGen      total 6656K, used 1950K [0x00000000d5580000, 0x00000000d5f80000, 0x0000000100000000)
  eden space 4096K, 0% used [0x00000000d5580000,0x00000000d5580000,0x00000000d5980000)
  from space 2560K, 76% used [0x00000000d5d00000,0x00000000d5ee7850,0x00000000d5f80000)
  to   space 3072K, 0% used [0x00000000d5980000,0x00000000d5980000,0x00000000d5c80000)
 ParOldGen       total 1145856K, used 1145622K [0x0000000080000000, 0x00000000c5f00000, 0x00000000d5580000)
  object space 1145856K, 99% used [0x0000000080000000,0x00000000c5ec5a50,0x00000000c5f00000)
 Metaspace       used 92398K, committed 94144K, reserved 1179648K
  class space    used 9383K, committed 10176K, reserved 1048576K
}
Event: 27021.238 GC heap before
{Heap before GC invocations=2293 (full 5):
 PSYoungGen      total 6656K, used 6046K [0x00000000d5580000, 0x00000000d5f80000, 0x0000000100000000)
  eden space 4096K, 100% used [0x00000000d5580000,0x00000000d5980000,0x00000000d5980000)
  from space 2560K, 76% used [0x00000000d5d00000,0x00000000d5ee7850,0x00000000d5f80000)
  to   space 3072K, 0% used [0x00000000d5980000,0x00000000d5980000,0x00000000d5c80000)
 ParOldGen       total 1145856K, used 1145622K [0x0000000080000000, 0x00000000c5f00000, 0x00000000d5580000)
  object space 1145856K, 99% used [0x0000000080000000,0x00000000c5ec5a50,0x00000000c5f00000)
 Metaspace       used 92399K, committed 94144K, reserved 1179648K
  class space    used 9383K, committed 10176K, reserved 1048576K
}
Event: 27021.250 GC heap after
{Heap after GC invocations=2293 (full 5):
 PSYoungGen      total 5120K, used 1018K [0x00000000d5580000, 0x00000000d5d80000, 0x0000000100000000)
  eden space 4096K, 0% used [0x00000000d5580000,0x00000000d5580000,0x00000000d5980000)
  from space 1024K, 99% used [0x00000000d5980000,0x00000000d5a7e940,0x00000000d5a80000)
  to   space 1536K, 0% used [0x00000000d5c00000,0x00000000d5c00000,0x00000000d5d80000)
 ParOldGen       total 1146368K, used 1146357K [0x0000000080000000, 0x00000000c5f80000, 0x00000000d5580000)
  object space 1146368K, 99% used [0x0000000080000000,0x00000000c5f7d558,0x00000000c5f80000)
 Metaspace       used 92399K, committed 94144K, reserved 1179648K
  class space    used 9383K, committed 10176K, reserved 1048576K
}
Event: 27021.520 GC heap before
{Heap before GC invocations=2294 (full 5):
 PSYoungGen      total 5120K, used 5114K [0x00000000d5580000, 0x00000000d5d80000, 0x0000000100000000)
  eden space 4096K, 100% used [0x00000000d5580000,0x00000000d5980000,0x00000000d5980000)
  from space 1024K, 99% used [0x00000000d5980000,0x00000000d5a7e940,0x00000000d5a80000)
  to   space 1536K, 0% used [0x00000000d5c00000,0x00000000d5c00000,0x00000000d5d80000)
 ParOldGen       total 1178112K, used 1177077K [0x0000000080000000, 0x00000000c7e80000, 0x00000000d5580000)
  object space 1178112K, 99% used [0x0000000080000000,0x00000000c7d7d588,0x00000000c7e80000)
 Metaspace       used 92405K, committed 94208K, reserved 1179648K
  class space    used 9383K, committed 10176K, reserved 1048576K
}
Event: 27021.526 GC heap after
{Heap after GC invocations=2294 (full 5):
 PSYoungGen      total 5120K, used 544K [0x00000000d5580000, 0x00000000d5d00000, 0x0000000100000000)
  eden space 4096K, 0% used [0x00000000d5580000,0x00000000d5580000,0x00000000d5980000)
  from space 1024K, 53% used [0x00000000d5c00000,0x00000000d5c88000,0x00000000d5d00000)
  to   space 1024K, 0% used [0x00000000d5980000,0x00000000d5980000,0x00000000d5a80000)
 ParOldGen       total 1178112K, used 1177832K [0x0000000080000000, 0x00000000c7e80000, 0x00000000d5580000)
  object space 1178112K, 99% used [0x0000000080000000,0x00000000c7e3a298,0x00000000c7e80000)
 Metaspace       used 92405K, committed 94208K, reserved 1179648K
  class space    used 9383K, committed 10176K, reserved 1048576K
}
Event: 27021.708 GC heap before
{Heap before GC invocations=2295 (full 5):
 PSYoungGen      total 5120K, used 4640K [0x00000000d5580000, 0x00000000d5d00000, 0x0000000100000000)
  eden space 4096K, 100% used [0x00000000d5580000,0x00000000d5980000,0x00000000d5980000)
  from space 1024K, 53% used [0x00000000d5c00000,0x00000000d5c88000,0x00000000d5d00000)
  to   space 1024K, 0% used [0x00000000d5980000,0x00000000d5980000,0x00000000d5a80000)
 ParOldGen       total 1178112K, used 1177832K [0x0000000080000000, 0x00000000c7e80000, 0x00000000d5580000)
  object space 1178112K, 99% used [0x0000000080000000,0x00000000c7e3a298,0x00000000c7e80000)
 Metaspace       used 92407K, committed 94208K, reserved 1179648K
  class space    used 9383K, committed 10176K, reserved 1048576K
}
Event: 27021.715 GC heap after
{Heap after GC invocations=2295 (full 5):
 PSYoungGen      total 5120K, used 615K [0x00000000d5580000, 0x00000000d5c80000, 0x0000000100000000)
  eden space 4096K, 0% used [0x00000000d5580000,0x00000000d5580000,0x00000000d5980000)
  from space 1024K, 60% used [0x00000000d5980000,0x00000000d5a19c80,0x00000000d5a80000)
  to   space 1024K, 0% used [0x00000000d5b80000,0x00000000d5b80000,0x00000000d5c80000)
 ParOldGen       total 1178624K, used 1178200K [0x0000000080000000, 0x00000000c7f00000, 0x00000000d5580000)
  object space 1178624K, 99% used [0x0000000080000000,0x00000000c7e962a8,0x00000000c7f00000)
 Metaspace       used 92407K, committed 94208K, reserved 1179648K
  class space    used 9383K, committed 10176K, reserved 1048576K
}
Event: 27021.801 GC heap before
{Heap before GC invocations=2296 (full 5):
 PSYoungGen      total 5120K, used 4711K [0x00000000d5580000, 0x00000000d5c80000, 0x0000000100000000)
  eden space 4096K, 100% used [0x00000000d5580000,0x00000000d5980000,0x00000000d5980000)
  from space 1024K, 60% used [0x00000000d5980000,0x00000000d5a19c80,0x00000000d5a80000)
  to   space 1024K, 0% used [0x00000000d5b80000,0x00000000d5b80000,0x00000000d5c80000)
 ParOldGen       total 1178624K, used 1178200K [0x0000000080000000, 0x00000000c7f00000, 0x00000000d5580000)
  object space 1178624K, 99% used [0x0000000080000000,0x00000000c7e962a8,0x00000000c7f00000)
 Metaspace       used 92407K, committed 94208K, reserved 1179648K
  class space    used 9383K, committed 10176K, reserved 1048576K
}
Event: 27021.817 GC heap after
{Heap after GC invocations=2296 (full 5):
 PSYoungGen      total 5120K, used 554K [0x00000000d5580000, 0x00000000d5c80000, 0x0000000100000000)
  eden space 4096K, 0% used [0x00000000d5580000,0x00000000d5580000,0x00000000d5980000)
  from space 1024K, 54% used [0x00000000d5b80000,0x00000000d5c0a950,0x00000000d5c80000)
  to   space 1024K, 0% used [0x00000000d5980000,0x00000000d5980000,0x00000000d5a80000)
 ParOldGen       total 1179136K, used 1178661K [0x0000000080000000, 0x00000000c7f80000, 0x00000000d5580000)
  object space 1179136K, 99% used [0x0000000080000000,0x00000000c7f09478,0x00000000c7f80000)
 Metaspace       used 92407K, committed 94208K, reserved 1179648K
  class space    used 9383K, committed 10176K, reserved 1048576K
}
Event: 27022.088 GC heap before
{Heap before GC invocations=2297 (full 5):
 PSYoungGen      total 5120K, used 4650K [0x00000000d5580000, 0x00000000d5c80000, 0x0000000100000000)
  eden space 4096K, 100% used [0x00000000d5580000,0x00000000d5980000,0x00000000d5980000)
  from space 1024K, 54% used [0x00000000d5b80000,0x00000000d5c0a950,0x00000000d5c80000)
  to   space 1024K, 0% used [0x00000000d5980000,0x00000000d5980000,0x00000000d5a80000)
 ParOldGen       total 1179136K, used 1178661K [0x0000000080000000, 0x00000000c7f80000, 0x00000000d5580000)
  object space 1179136K, 99% used [0x0000000080000000,0x00000000c7f09478,0x00000000c7f80000)
 Metaspace       used 92408K, committed 94208K, reserved 1179648K
  class space    used 9383K, committed 10176K, reserved 1048576K
}
Event: 27022.101 GC heap after
{Heap after GC invocations=2297 (full 5):
 PSYoungGen      total 5120K, used 579K [0x00000000d5580000, 0x00000000d5c00000, 0x0000000100000000)
  eden space 4096K, 0% used [0x00000000d5580000,0x00000000d5580000,0x00000000d5980000)
  from space 1024K, 56% used [0x00000000d5980000,0x00000000d5a10e98,0x00000000d5a80000)
  to   space 1024K, 0% used [0x00000000d5b00000,0x00000000d5b00000,0x00000000d5c00000)
 ParOldGen       total 1179136K, used 1179030K [0x0000000080000000, 0x00000000c7f80000, 0x00000000d5580000)
  object space 1179136K, 99% used [0x0000000080000000,0x00000000c7f65bc8,0x00000000c7f80000)
 Metaspace       used 92408K, committed 94208K, reserved 1179648K
  class space    used 9383K, committed 10176K, reserved 1048576K
}
Event: 27022.125 GC heap before
{Heap before GC invocations=2298 (full 5):
 PSYoungGen      total 5120K, used 4675K [0x00000000d5580000, 0x00000000d5c00000, 0x0000000100000000)
  eden space 4096K, 100% used [0x00000000d5580000,0x00000000d5980000,0x00000000d5980000)
  from space 1024K, 56% used [0x00000000d5980000,0x00000000d5a10e98,0x00000000d5a80000)
  to   space 1024K, 0% used [0x00000000d5b00000,0x00000000d5b00000,0x00000000d5c00000)
 ParOldGen       total 1179136K, used 1179030K [0x0000000080000000, 0x00000000c7f80000, 0x00000000d5580000)
  object space 1179136K, 99% used [0x0000000080000000,0x00000000c7f65bc8,0x00000000c7f80000)
 Metaspace       used 92408K, committed 94208K, reserved 1179648K
  class space    used 9383K, committed 10176K, reserved 1048576K
}
Event: 27022.200 GC heap after
{Heap after GC invocations=2298 (full 5):
 PSYoungGen      total 5632K, used 788K [0x00000000d5580000, 0x00000000d5c80000, 0x0000000100000000)
  eden space 4608K, 0% used [0x00000000d5580000,0x00000000d5580000,0x00000000d5a00000)
  from space 1024K, 77% used [0x00000000d5b00000,0x00000000d5bc5200,0x00000000d5c00000)
  to   space 1024K, 0% used [0x00000000d5a00000,0x00000000d5a00000,0x00000000d5b00000)
 ParOldGen       total 1179648K, used 1179518K [0x0000000080000000, 0x00000000c8000000, 0x00000000d5580000)
  object space 1179648K, 99% used [0x0000000080000000,0x00000000c7fdfab0,0x00000000c8000000)
 Metaspace       used 92408K, committed 94208K, reserved 1179648K
  class space    used 9383K, committed 10176K, reserved 1048576K
}
Event: 27022.279 GC heap before
{Heap before GC invocations=2299 (full 5):
 PSYoungGen      total 5632K, used 5396K [0x00000000d5580000, 0x00000000d5c80000, 0x0000000100000000)
  eden space 4608K, 100% used [0x00000000d5580000,0x00000000d5a00000,0x00000000d5a00000)
  from space 1024K, 77% used [0x00000000d5b00000,0x00000000d5bc5200,0x00000000d5c00000)
  to   space 1024K, 0% used [0x00000000d5a00000,0x00000000d5a00000,0x00000000d5b00000)
 ParOldGen       total 1179648K, used 1179518K [0x0000000080000000, 0x00000000c8000000, 0x00000000d5580000)
  object space 1179648K, 99% used [0x0000000080000000,0x00000000c7fdfab0,0x00000000c8000000)
 Metaspace       used 92408K, committed 94208K, reserved 1179648K
  class space    used 9383K, committed 10176K, reserved 1048576K
}
Event: 27022.282 GC heap after
{Heap after GC invocations=2299 (full 5):
 PSYoungGen      total 5632K, used 320K [0x00000000d5580000, 0x00000000d5c00000, 0x0000000100000000)
  eden space 4608K, 0% used [0x00000000d5580000,0x00000000d5580000,0x00000000d5a00000)
  from space 1024K, 31% used [0x00000000d5a00000,0x00000000d5a50000,0x00000000d5b00000)
  to   space 512K, 0% used [0x00000000d5b80000,0x00000000d5b80000,0x00000000d5c00000)
 ParOldGen       total 1180672K, used 1180211K [0x0000000080000000, 0x00000000c8100000, 0x00000000d5580000)
  object space 1180672K, 99% used [0x0000000080000000,0x00000000c808cc30,0x00000000c8100000)
 Metaspace       used 92408K, committed 94208K, reserved 1179648K
  class space    used 9383K, committed 10176K, reserved 1048576K
}
Event: 27240.900 GC heap before
{Heap before GC invocations=2300 (full 5):
 PSYoungGen      total 5632K, used 4928K [0x00000000d5580000, 0x00000000d5c00000, 0x0000000100000000)
  eden space 4608K, 100% used [0x00000000d5580000,0x00000000d5a00000,0x00000000d5a00000)
  from space 1024K, 31% used [0x00000000d5a00000,0x00000000d5a50000,0x00000000d5b00000)
  to   space 512K, 0% used [0x00000000d5b80000,0x00000000d5b80000,0x00000000d5c00000)
 ParOldGen       total 1180672K, used 1180211K [0x0000000080000000, 0x00000000c8100000, 0x00000000d5580000)
  object space 1180672K, 99% used [0x0000000080000000,0x00000000c808cc30,0x00000000c8100000)
 Metaspace       used 92419K, committed 94208K, reserved 1179648K
  class space    used 9383K, committed 10176K, reserved 1048576K
}
Event: 27241.279 GC heap after
{Heap after GC invocations=2300 (full 5):
 PSYoungGen      total 5120K, used 416K [0x00000000d5580000, 0x00000000d5c00000, 0x0000000100000000)
  eden space 4608K, 0% used [0x00000000d5580000,0x00000000d5580000,0x00000000d5a00000)
  from space 512K, 81% used [0x00000000d5b80000,0x00000000d5be8000,0x00000000d5c00000)
  to   space 512K, 0% used [0x00000000d5b00000,0x00000000d5b00000,0x00000000d5b80000)
 ParOldGen       total 1180672K, used 1180403K [0x0000000080000000, 0x00000000c8100000, 0x00000000d5580000)
  object space 1180672K, 99% used [0x0000000080000000,0x00000000c80bcc30,0x00000000c8100000)
 Metaspace       used 92419K, committed 94208K, reserved 1179648K
  class space    used 9383K, committed 10176K, reserved 1048576K
}

